[     772ms] Minified React error #419; visit https://react.dev/errors/419 for the full message or use the non-minified dev environment for full errors and additional helpful warnings.
[     837ms] [ERROR] Failed to send tracking data: TypeError: Failed to fetch
    at k.sendTrackingData (https://track_v2.suanleme.cn/api/script.js:1:6638)
    at k.track (https://track_v2.suanleme.cn/api/script.js:1:7169)
    at k.trackError (https://track_v2.suanleme.cn/api/script.js:1:8060)
    at https://track_v2.suanleme.cn/api/script.js:1:16813
    at i (https://console.suanli.cn/_next/static/chunks/62360-e6c89b904eaa1441.js:1:43751)
    at ib (https://console.suanli.cn/_next/static/chunks/bc0c93fe-c801781499832122.js:1:125772)
    at ig (https://console.suanli.cn/_next/static/chunks/bc0c93fe-c801781499832122.js:1:123676)
    at u7 (https://console.suanli.cn/_next/static/chunks/bc0c93fe-c801781499832122.js:1:110611)
    at u9 (https://console.suanli.cn/_next/static/chunks/bc0c93fe-c801781499832122.js:1:109964)
    at iQ (https://console.suanli.cn/_next/static/chunks/bc0c93fe-c801781499832122.js:1:130764)
    at iI (https://console.suanli.cn/_next/static/chunks/bc0c93fe-c801781499832122.js:1:129003)
    at ib (https://console.suanli.cn/_next/static/chunks/bc0c93fe-c801781499832122.js:1:125924)
    at ig (https://console.suanli.cn/_next/static/chunks/bc0c93fe-c801781499832122.js:1:123676)
    at u7 (https://console.suanli.cn/_next/static/chunks/bc0c93fe-c801781499832122.js:1:110611)
    at u9 (https://console.suanli.cn/_next/static/chunks/bc0c93fe-c801781499832122.js:1:109964)
    at iH (https://console.suanli.cn/_next/static/chunks/bc0c93fe-c801781499832122.js:1:130643)
    at MessagePort.w (https://console.suanli.cn/_next/static/chunks/62360-e6c89b904eaa1441.js:1:162170) @ https://console.suanli.cn/_next/static/chunks/62360-e6c89b904eaa1441.js:0
[     838ms] [ERROR] Failed to send identify event: TypeError: Failed to fetch
    at k.sendIdentifyEvent (https://track_v2.suanleme.cn/api/script.js:1:8781)
    at k.identify (https://track_v2.suanleme.cn/api/script.js:1:8361)
    at Object.identify (https://track_v2.suanleme.cn/api/script.js:1:18203)
    at https://console.suanli.cn/_next/static/chunks/app/(console)/layout-9a86b505cb44488e.js:1:15162
    at ob (https://console.suanli.cn/_next/static/chunks/bc0c93fe-c801781499832122.js:1:80087)
    at oG (https://console.suanli.cn/_next/static/chunks/bc0c93fe-c801781499832122.js:1:95825)
    at oX (https://console.suanli.cn/_next/static/chunks/bc0c93fe-c801781499832122.js:1:95709)
    at oG (https://console.suanli.cn/_next/static/chunks/bc0c93fe-c801781499832122.js:1:95862)
    at oX (https://console.suanli.cn/_next/static/chunks/bc0c93fe-c801781499832122.js:1:95709)
    at oG (https://console.suanli.cn/_next/static/chunks/bc0c93fe-c801781499832122.js:1:95862)
    at oX (https://console.suanli.cn/_next/static/chunks/bc0c93fe-c801781499832122.js:1:95709)
    at oG (https://console.suanli.cn/_next/static/chunks/bc0c93fe-c801781499832122.js:1:95805)
    at oX (https://console.suanli.cn/_next/static/chunks/bc0c93fe-c801781499832122.js:1:95709)
    at oG (https://console.suanli.cn/_next/static/chunks/bc0c93fe-c801781499832122.js:1:95862)
    at oX (https://console.suanli.cn/_next/static/chunks/bc0c93fe-c801781499832122.js:1:95709)
    at oG (https://console.suanli.cn/_next/static/chunks/bc0c93fe-c801781499832122.js:1:95805)
    at oX (https://console.suanli.cn/_next/static/chunks/bc0c93fe-c801781499832122.js:1:95709)
    at oG (https://console.suanli.cn/_next/static/chunks/bc0c93fe-c801781499832122.js:1:95862)
    at oX (https://console.suanli.cn/_next/static/chunks/bc0c93fe-c801781499832122.js:1:95709)
    at oG (https://console.suanli.cn/_next/static/chunks/bc0c93fe-c801781499832122.js:1:95805)
    at oX (https://console.suanli.cn/_next/static/chunks/bc0c93fe-c801781499832122.js:1:95709)
    at oG (https://console.suanli.cn/_next/static/chunks/bc0c93fe-c801781499832122.js:1:95805)
    at oX (https://console.suanli.cn/_next/static/chunks/bc0c93fe-c801781499832122.js:1:95709)
    at oG (https://console.suanli.cn/_next/static/chunks/bc0c93fe-c801781499832122.js:1:95862)
    at oX (https://console.suanli.cn/_next/static/chunks/bc0c93fe-c801781499832122.js:1:95709)
    at oG (https://console.suanli.cn/_next/static/chunks/bc0c93fe-c801781499832122.js:1:95862)
    at oX (https://console.suanli.cn/_next/static/chunks/bc0c93fe-c801781499832122.js:1:95709)
    at oG (https://console.suanli.cn/_next/static/chunks/bc0c93fe-c801781499832122.js:1:95805)
    at oX (https://console.suanli.cn/_next/static/chunks/bc0c93fe-c801781499832122.js:1:95709)
    at oG (https://console.suanli.cn/_next/static/chunks/bc0c93fe-c801781499832122.js:1:95805)
    at oX (https://console.suanli.cn/_next/static/chunks/bc0c93fe-c801781499832122.js:1:95709)
    at oG (https://console.suanli.cn/_next/static/chunks/bc0c93fe-c801781499832122.js:1:95862)
    at oX (https://console.suanli.cn/_next/static/chunks/bc0c93fe-c801781499832122.js:1:95709)
    at oG (https://console.suanli.cn/_next/static/chunks/bc0c93fe-c801781499832122.js:1:95805)
    at oX (https://console.suanli.cn/_next/static/chunks/bc0c93fe-c801781499832122.js:1:95709)
    at oG (https://console.suanli.cn/_next/static/chunks/bc0c93fe-c801781499832122.js:1:95805)
    at oX (https://console.suanli.cn/_next/static/chunks/bc0c93fe-c801781499832122.js:1:95709)
    at oG (https://console.suanli.cn/_next/static/chunks/bc0c93fe-c801781499832122.js:1:95862)
    at oX (https://console.suanli.cn/_next/static/chunks/bc0c93fe-c801781499832122.js:1:95709)
    at oG (https://console.suanli.cn/_next/static/chunks/bc0c93fe-c801781499832122.js:1:95805)
    at oX (https://console.suanli.cn/_next/static/chunks/bc0c93fe-c801781499832122.js:1:95709)
    at oG (https://console.suanli.cn/_next/static/chunks/bc0c93fe-c801781499832122.js:1:95805)
    at oX (https://console.suanli.cn/_next/static/chunks/bc0c93fe-c801781499832122.js:1:95709)
    at oG (https://console.suanli.cn/_next/static/chunks/bc0c93fe-c801781499832122.js:1:95862)
    at oX (https://console.suanli.cn/_next/static/chunks/bc0c93fe-c801781499832122.js:1:95709)
    at oG (https://console.suanli.cn/_next/static/chunks/bc0c93fe-c801781499832122.js:1:95862)
    at oX (https://console.suanli.cn/_next/static/chunks/bc0c93fe-c801781499832122.js:1:95709)
    at oG (https://console.suanli.cn/_next/static/chunks/bc0c93fe-c801781499832122.js:1:95862)
    at oX (https://console.suanli.cn/_next/static/chunks/bc0c93fe-c801781499832122.js:1:95709)
    at oG (https://console.suanli.cn/_next/static/chunks/bc0c93fe-c801781499832122.js:1:95862) @ https://console.suanli.cn/_next/static/chunks/62360-e6c89b904eaa1441.js:0
[     838ms] [ERROR] Failed to send tracking data: TypeError: Failed to fetch
    at k.sendTrackingData (https://track_v2.suanleme.cn/api/script.js:1:6638)
    at k.track (https://track_v2.suanleme.cn/api/script.js:1:7169)
    at k.trackPageview (https://track_v2.suanleme.cn/api/script.js:1:7210)
    at https://track_v2.suanleme.cn/api/script.js:1:18533 @ https://console.suanli.cn/_next/static/chunks/62360-e6c89b904eaa1441.js:0
[     985ms] Minified React error #419; visit https://react.dev/errors/419 for the full message or use the non-minified dev environment for full errors and additional helpful warnings.
[   52504ms] [VERBOSE] [DOM] Input elements should have autocomplete attributes (suggested: "current-password"): (More info: https://goo.gl/9p2vKq) %o @ https://console.suanli.cn/auth/login:0
[  114045ms] [VERBOSE] [DOM] Input elements should have autocomplete attributes (suggested: "current-password"): (More info: https://goo.gl/9p2vKq) %o @ https://console.suanli.cn/auth/login:0
[  129051ms] [ERROR] Failed to send session replay batch: TypeError: Failed to fetch
    at k.sendSessionReplayBatch (https://track_v2.suanleme.cn/api/script.js:1:5812)
    at R.sendBatch (https://track_v2.suanleme.cn/api/script.js:1:5631)
    at R.flushEvents (https://track_v2.suanleme.cn/api/script.js:1:5123)
    at R.stopRecording (https://track_v2.suanleme.cn/api/script.js:1:4416)
    at R.cleanup (https://track_v2.suanleme.cn/api/script.js:1:5271)
    at k.cleanup (https://track_v2.suanleme.cn/api/script.js:1:9642)
    at https://track_v2.suanleme.cn/api/script.js:1:18498
    at m (https://console.suanli.cn/_next/static/chunks/app/layout-9b6a53d4c9f0f879.js:1:24713)
    at lS (https://console.suanli.cn/_next/static/chunks/bc0c93fe-c801781499832122.js:1:39327)
    at ot (https://console.suanli.cn/_next/static/chunks/bc0c93fe-c801781499832122.js:1:64582)
    at ov (https://console.suanli.cn/_next/static/chunks/bc0c93fe-c801781499832122.js:1:75655)
    at ic (https://console.suanli.cn/_next/static/chunks/bc0c93fe-c801781499832122.js:1:112357)
    at https://console.suanli.cn/_next/static/chunks/bc0c93fe-c801781499832122.js:1:112202
    at is (https://console.suanli.cn/_next/static/chunks/bc0c93fe-c801781499832122.js:1:112210)
    at u9 (https://console.suanli.cn/_next/static/chunks/bc0c93fe-c801781499832122.js:1:108640)
    at iQ (https://console.suanli.cn/_next/static/chunks/bc0c93fe-c801781499832122.js:1:130764)
    at iI (https://console.suanli.cn/_next/static/chunks/bc0c93fe-c801781499832122.js:1:129003)
    at iV (https://console.suanli.cn/_next/static/chunks/bc0c93fe-c801781499832122.js:1:129339)
    at https://console.suanli.cn/_next/static/chunks/bc0c93fe-c801781499832122.js:1:128632 @ https://console.suanli.cn/_next/static/chunks/62360-e6c89b904eaa1441.js:0
[  129051ms] [ERROR] Failed to send identify event: TypeError: Failed to fetch
    at k.sendIdentifyEvent (https://track_v2.suanleme.cn/api/script.js:1:8781)
    at k.identify (https://track_v2.suanleme.cn/api/script.js:1:8361)
    at Object.identify (https://track_v2.suanleme.cn/api/script.js:1:18203)
    at https://console.suanli.cn/_next/static/chunks/app/layout-9b6a53d4c9f0f879.js:1:21322
    at ob (https://console.suanli.cn/_next/static/chunks/bc0c93fe-c801781499832122.js:1:80087)
    at oG (https://console.suanli.cn/_next/static/chunks/bc0c93fe-c801781499832122.js:1:95825)
    at oX (https://console.suanli.cn/_next/static/chunks/bc0c93fe-c801781499832122.js:1:95709)
    at oG (https://console.suanli.cn/_next/static/chunks/bc0c93fe-c801781499832122.js:1:95862)
    at oX (https://console.suanli.cn/_next/static/chunks/bc0c93fe-c801781499832122.js:1:95709)
    at oG (https://console.suanli.cn/_next/static/chunks/bc0c93fe-c801781499832122.js:1:95862)
    at oX (https://console.suanli.cn/_next/static/chunks/bc0c93fe-c801781499832122.js:1:95709)
    at oG (https://console.suanli.cn/_next/static/chunks/bc0c93fe-c801781499832122.js:1:95805)
    at oX (https://console.suanli.cn/_next/static/chunks/bc0c93fe-c801781499832122.js:1:95709)
    at oG (https://console.suanli.cn/_next/static/chunks/bc0c93fe-c801781499832122.js:1:95862)
    at oX (https://console.suanli.cn/_next/static/chunks/bc0c93fe-c801781499832122.js:1:95709)
    at oG (https://console.suanli.cn/_next/static/chunks/bc0c93fe-c801781499832122.js:1:95805)
    at oX (https://console.suanli.cn/_next/static/chunks/bc0c93fe-c801781499832122.js:1:95709)
    at oG (https://console.suanli.cn/_next/static/chunks/bc0c93fe-c801781499832122.js:1:95862)
    at oX (https://console.suanli.cn/_next/static/chunks/bc0c93fe-c801781499832122.js:1:95709)
    at oG (https://console.suanli.cn/_next/static/chunks/bc0c93fe-c801781499832122.js:1:95805)
    at oX (https://console.suanli.cn/_next/static/chunks/bc0c93fe-c801781499832122.js:1:95709)
    at oG (https://console.suanli.cn/_next/static/chunks/bc0c93fe-c801781499832122.js:1:95805)
    at oX (https://console.suanli.cn/_next/static/chunks/bc0c93fe-c801781499832122.js:1:95709)
    at oG (https://console.suanli.cn/_next/static/chunks/bc0c93fe-c801781499832122.js:1:95862)
    at oX (https://console.suanli.cn/_next/static/chunks/bc0c93fe-c801781499832122.js:1:95709)
    at oG (https://console.suanli.cn/_next/static/chunks/bc0c93fe-c801781499832122.js:1:95862)
    at oX (https://console.suanli.cn/_next/static/chunks/bc0c93fe-c801781499832122.js:1:95709)
    at oG (https://console.suanli.cn/_next/static/chunks/bc0c93fe-c801781499832122.js:1:95805)
    at oX (https://console.suanli.cn/_next/static/chunks/bc0c93fe-c801781499832122.js:1:95709)
    at oG (https://console.suanli.cn/_next/static/chunks/bc0c93fe-c801781499832122.js:1:95805)
    at oX (https://console.suanli.cn/_next/static/chunks/bc0c93fe-c801781499832122.js:1:95709)
    at oG (https://console.suanli.cn/_next/static/chunks/bc0c93fe-c801781499832122.js:1:95862)
    at oX (https://console.suanli.cn/_next/static/chunks/bc0c93fe-c801781499832122.js:1:95709)
    at oG (https://console.suanli.cn/_next/static/chunks/bc0c93fe-c801781499832122.js:1:95805)
    at oX (https://console.suanli.cn/_next/static/chunks/bc0c93fe-c801781499832122.js:1:95709)
    at oG (https://console.suanli.cn/_next/static/chunks/bc0c93fe-c801781499832122.js:1:95805)
    at oX (https://console.suanli.cn/_next/static/chunks/bc0c93fe-c801781499832122.js:1:95709)
    at oG (https://console.suanli.cn/_next/static/chunks/bc0c93fe-c801781499832122.js:1:95862)
    at oX (https://console.suanli.cn/_next/static/chunks/bc0c93fe-c801781499832122.js:1:95709)
    at oG (https://console.suanli.cn/_next/static/chunks/bc0c93fe-c801781499832122.js:1:95805)
    at oX (https://console.suanli.cn/_next/static/chunks/bc0c93fe-c801781499832122.js:1:95709)
    at oG (https://console.suanli.cn/_next/static/chunks/bc0c93fe-c801781499832122.js:1:95805)
    at oX (https://console.suanli.cn/_next/static/chunks/bc0c93fe-c801781499832122.js:1:95709)
    at oG (https://console.suanli.cn/_next/static/chunks/bc0c93fe-c801781499832122.js:1:95862)
    at oX (https://console.suanli.cn/_next/static/chunks/bc0c93fe-c801781499832122.js:1:95709)
    at oG (https://console.suanli.cn/_next/static/chunks/bc0c93fe-c801781499832122.js:1:95862)
    at oX (https://console.suanli.cn/_next/static/chunks/bc0c93fe-c801781499832122.js:1:95709)
    at oG (https://console.suanli.cn/_next/static/chunks/bc0c93fe-c801781499832122.js:1:95862)
    at oX (https://console.suanli.cn/_next/static/chunks/bc0c93fe-c801781499832122.js:1:95709)
    at oG (https://console.suanli.cn/_next/static/chunks/bc0c93fe-c801781499832122.js:1:95862) @ https://console.suanli.cn/_next/static/chunks/62360-e6c89b904eaa1441.js:0
[  129211ms] Minified React error #419; visit https://react.dev/errors/419 for the full message or use the non-minified dev environment for full errors and additional helpful warnings.
